e:\research\experiment\20190902\hm-16.20-mode-combination\build\vc2015\x64\release\tlibencoder\tlibencoder.pdb
e:\research\experiment\20190902\hm-16.20-mode-combination\build\vc2015\x64\release\tlibencoder\tencsearch.obj
e:\research\experiment\20190902\hm-16.20-mode-combination\build\vc2015\x64\release\tlibencoder\tencsbac.obj
e:\research\experiment\20190902\hm-16.20-mode-combination\build\vc2015\x64\release\tlibencoder\weightpredanalysis.obj
e:\research\experiment\20190902\hm-16.20-mode-combination\build\vc2015\x64\release\tlibencoder\tenctop.obj
e:\research\experiment\20190902\hm-16.20-mode-combination\build\vc2015\x64\release\tlibencoder\tencslice.obj
e:\research\experiment\20190902\hm-16.20-mode-combination\build\vc2015\x64\release\tlibencoder\tencsampleadaptiveoffset.obj
e:\research\experiment\20190902\hm-16.20-mode-combination\build\vc2015\x64\release\tlibencoder\tencratectrl.obj
e:\research\experiment\20190902\hm-16.20-mode-combination\build\vc2015\x64\release\tlibencoder\tencpreanalyzer.obj
e:\research\experiment\20190902\hm-16.20-mode-combination\build\vc2015\x64\release\tlibencoder\tencpic.obj
e:\research\experiment\20190902\hm-16.20-mode-combination\build\vc2015\x64\release\tlibencoder\tencgop.obj
e:\research\experiment\20190902\hm-16.20-mode-combination\build\vc2015\x64\release\tlibencoder\tencentropy.obj
e:\research\experiment\20190902\hm-16.20-mode-combination\build\vc2015\x64\release\tlibencoder\tenccu.obj
e:\research\experiment\20190902\hm-16.20-mode-combination\build\vc2015\x64\release\tlibencoder\tenccavlc.obj
e:\research\experiment\20190902\hm-16.20-mode-combination\build\vc2015\x64\release\tlibencoder\tencbincodercabaccounter.obj
e:\research\experiment\20190902\hm-16.20-mode-combination\build\vc2015\x64\release\tlibencoder\tencbincodercabac.obj
e:\research\experiment\20190902\hm-16.20-mode-combination\build\vc2015\x64\release\tlibencoder\syntaxelementwriter.obj
e:\research\experiment\20190902\hm-16.20-mode-combination\build\vc2015\x64\release\tlibencoder\seiwrite.obj
e:\research\experiment\20190902\hm-16.20-mode-combination\build\vc2015\x64\release\tlibencoder\seiencoder.obj
e:\research\experiment\20190902\hm-16.20-mode-combination\build\vc2015\x64\release\tlibencoder\nalwrite.obj
e:\research\experiment\20190902\hm-16.20-mode-combination\build\vc2015\x64\release\tlibencoder\tlibencoder.lib
e:\research\experiment\20190902\hm-16.20-mode-combination\build\\vc2015\x64\release\tlibencoder\tlibencoder.pdb
e:\research\experiment\20190902\hm-16.20-mode-combination\build\\vc2015\x64\release\tlibencoder\tlibencoder.lib
e:\research\experiment\20190902\hm-16.20-mode-combination\build\vc2015\x64\release\tlibencoder\tlibencoder.tlog\cl.command.1.tlog
e:\research\experiment\20190902\hm-16.20-mode-combination\build\vc2015\x64\release\tlibencoder\tlibencoder.tlog\cl.read.1.tlog
e:\research\experiment\20190902\hm-16.20-mode-combination\build\vc2015\x64\release\tlibencoder\tlibencoder.tlog\cl.write.1.tlog
e:\research\experiment\20190902\hm-16.20-mode-combination\build\vc2015\x64\release\tlibencoder\tlibencoder.tlog\lib-link.read.1.tlog
e:\research\experiment\20190902\hm-16.20-mode-combination\build\vc2015\x64\release\tlibencoder\tlibencoder.tlog\lib-link.write.1.tlog
e:\research\experiment\20190902\hm-16.20-mode-combination\build\vc2015\x64\release\tlibencoder\tlibencoder.tlog\lib.command.1.tlog
