e:\research\experiment\20190902\hm-16.20-mode-combination\build\vc2015\x64\release\tlibdecoder\tlibdecoder.pdb
e:\research\experiment\20190902\hm-16.20-mode-combination\build\vc2015\x64\release\tlibdecoder\tdectop.obj
e:\research\experiment\20190902\hm-16.20-mode-combination\build\vc2015\x64\release\tlibdecoder\tdecslice.obj
e:\research\experiment\20190902\hm-16.20-mode-combination\build\vc2015\x64\release\tlibdecoder\tdecsbac.obj
e:\research\experiment\20190902\hm-16.20-mode-combination\build\vc2015\x64\release\tlibdecoder\tdecgop.obj
e:\research\experiment\20190902\hm-16.20-mode-combination\build\vc2015\x64\release\tlibdecoder\tdecentropy.obj
e:\research\experiment\20190902\hm-16.20-mode-combination\build\vc2015\x64\release\tlibdecoder\tdeccu.obj
e:\research\experiment\20190902\hm-16.20-mode-combination\build\vc2015\x64\release\tlibdecoder\tdecconformance.obj
e:\research\experiment\20190902\hm-16.20-mode-combination\build\vc2015\x64\release\tlibdecoder\tdeccavlc.obj
e:\research\experiment\20190902\hm-16.20-mode-combination\build\vc2015\x64\release\tlibdecoder\tdecbincodercabac.obj
e:\research\experiment\20190902\hm-16.20-mode-combination\build\vc2015\x64\release\tlibdecoder\syntaxelementparser.obj
e:\research\experiment\20190902\hm-16.20-mode-combination\build\vc2015\x64\release\tlibdecoder\seiread.obj
e:\research\experiment\20190902\hm-16.20-mode-combination\build\vc2015\x64\release\tlibdecoder\nalread.obj
e:\research\experiment\20190902\hm-16.20-mode-combination\build\vc2015\x64\release\tlibdecoder\annexbread.obj
e:\research\experiment\20190902\hm-16.20-mode-combination\build\vc2015\x64\release\tlibdecoder\tlibdecoder.lib
e:\research\experiment\20190902\hm-16.20-mode-combination\build\\vc2015\x64\release\tlibdecoder\tlibdecoder.pdb
e:\research\experiment\20190902\hm-16.20-mode-combination\build\\vc2015\x64\release\tlibdecoder\tlibdecoder.lib
e:\research\experiment\20190902\hm-16.20-mode-combination\build\vc2015\x64\release\tlibdecoder\tlibdecoder.tlog\cl.command.1.tlog
e:\research\experiment\20190902\hm-16.20-mode-combination\build\vc2015\x64\release\tlibdecoder\tlibdecoder.tlog\cl.read.1.tlog
e:\research\experiment\20190902\hm-16.20-mode-combination\build\vc2015\x64\release\tlibdecoder\tlibdecoder.tlog\cl.write.1.tlog
e:\research\experiment\20190902\hm-16.20-mode-combination\build\vc2015\x64\release\tlibdecoder\tlibdecoder.tlog\lib-link.read.1.tlog
e:\research\experiment\20190902\hm-16.20-mode-combination\build\vc2015\x64\release\tlibdecoder\tlibdecoder.tlog\lib-link.write.1.tlog
e:\research\experiment\20190902\hm-16.20-mode-combination\build\vc2015\x64\release\tlibdecoder\tlibdecoder.tlog\lib.command.1.tlog
