e:\research\experiment\20190902\hm-16.20-mode-combination\build\vc2015\x64\release\tlibdecoderanalyser\tlibdecoderanalyser.pdb
e:\research\experiment\20190902\hm-16.20-mode-combination\build\vc2015\x64\release\tlibdecoderanalyser\tdectop.obj
e:\research\experiment\20190902\hm-16.20-mode-combination\build\vc2015\x64\release\tlibdecoderanalyser\tdecslice.obj
e:\research\experiment\20190902\hm-16.20-mode-combination\build\vc2015\x64\release\tlibdecoderanalyser\tdecsbac.obj
e:\research\experiment\20190902\hm-16.20-mode-combination\build\vc2015\x64\release\tlibdecoderanalyser\tdecgop.obj
e:\research\experiment\20190902\hm-16.20-mode-combination\build\vc2015\x64\release\tlibdecoderanalyser\tdecentropy.obj
e:\research\experiment\20190902\hm-16.20-mode-combination\build\vc2015\x64\release\tlibdecoderanalyser\tdeccu.obj
e:\research\experiment\20190902\hm-16.20-mode-combination\build\vc2015\x64\release\tlibdecoderanalyser\tdecconformance.obj
e:\research\experiment\20190902\hm-16.20-mode-combination\build\vc2015\x64\release\tlibdecoderanalyser\tdeccavlc.obj
e:\research\experiment\20190902\hm-16.20-mode-combination\build\vc2015\x64\release\tlibdecoderanalyser\tdecbincodercabac.obj
e:\research\experiment\20190902\hm-16.20-mode-combination\build\vc2015\x64\release\tlibdecoderanalyser\syntaxelementparser.obj
e:\research\experiment\20190902\hm-16.20-mode-combination\build\vc2015\x64\release\tlibdecoderanalyser\seiread.obj
e:\research\experiment\20190902\hm-16.20-mode-combination\build\vc2015\x64\release\tlibdecoderanalyser\nalread.obj
e:\research\experiment\20190902\hm-16.20-mode-combination\build\vc2015\x64\release\tlibdecoderanalyser\annexbread.obj
e:\research\experiment\20190902\hm-16.20-mode-combination\build\vc2015\x64\release\tlibdecoderanalyser\tlibdecoderanalyser.lib
e:\research\experiment\20190902\hm-16.20-mode-combination\build\\vc2015\x64\release\tlibdecoderanalyser\tlibdecoderanalyser.pdb
e:\research\experiment\20190902\hm-16.20-mode-combination\build\\vc2015\x64\release\tlibdecoderanalyser\tlibdecoderanalyser.lib
e:\research\experiment\20190902\hm-16.20-mode-combination\build\vc2015\x64\release\tlibdecoderanalyser\tlibdeco.68c1251a.tlog\cl.command.1.tlog
e:\research\experiment\20190902\hm-16.20-mode-combination\build\vc2015\x64\release\tlibdecoderanalyser\tlibdeco.68c1251a.tlog\cl.read.1.tlog
e:\research\experiment\20190902\hm-16.20-mode-combination\build\vc2015\x64\release\tlibdecoderanalyser\tlibdeco.68c1251a.tlog\cl.write.1.tlog
e:\research\experiment\20190902\hm-16.20-mode-combination\build\vc2015\x64\release\tlibdecoderanalyser\tlibdeco.68c1251a.tlog\lib-link.read.1.tlog
e:\research\experiment\20190902\hm-16.20-mode-combination\build\vc2015\x64\release\tlibdecoderanalyser\tlibdeco.68c1251a.tlog\lib-link.write.1.tlog
e:\research\experiment\20190902\hm-16.20-mode-combination\build\vc2015\x64\release\tlibdecoderanalyser\tlibdeco.68c1251a.tlog\lib.command.1.tlog
